<?xml version="1.0" encoding="UTF-8"?>
<!-- Generated by org.testng.reporters.JUnitXMLReporter -->
<testsuite ignored="0" hostname="WKWZT9RwZdhxh2P" failures="0" tests="1" name="Test" time="0.04" errors="0" timestamp="2022-11-24T11:47:41 IST">
  <testcase classname="day5.BrowserStackDevice" name="@BeforeMethod setup" time="-1.669270661637E9">
    <failure type="org.testng.TestNGException" message="
Parameter &amp;apos;os&amp;apos; is required by BeforeMethod on method setup but has not been marked @Optional or defined
in C:\Users\seesushm\QA_Sushma\SeleniumTraining\Browserstack.xml">
      <![CDATA[org.testng.TestNGException: 
Parameter 'os' is required by BeforeMethod on method setup but has not been marked @Optional or defined
in C:\Users\seesushm\QA_Sushma\SeleniumTraining\Browserstack.xml
at java.base/java.util.concurrent.ThreadPoolExecutor.runWorker(ThreadPoolExecutor.java:1128)
at java.base/java.util.concurrent.ThreadPoolExecutor$Worker.run(ThreadPoolExecutor.java:628)
at java.base/java.lang.Thread.run(Thread.java:834)
... Removed 13 stack frames]]>
    </failure>
  </testcase> <!-- @BeforeMethod setup -->
  <testcase classname="day5.BrowserStackDevice" name="@AfterMethod tearDown" time="-1.669270661648E9">
    <skipped/>
  </testcase> <!-- @AfterMethod tearDown -->
  <testcase classname="day5.BrowserStackDevice" name="testingOnWindows" time="0.0">
    <skipped/>
  </testcase> <!-- testingOnWindows -->
</testsuite> <!-- Test -->
